<?xml version="1.0" encoding="UTF-8"?>
<testsuite name="org.dita.dost.writer.TestIDitaTranstypeIndexWriter" tests="1" skipped="0" failures="0" errors="0" timestamp="2018-12-06T15:04:20" hostname="travis-job-e534bcc1-1f44-4b10-80e9-b715f9f67d96" time="0.001">
  <properties/>
  <testcase name="testiditatranstypeindexwriter" classname="org.dita.dost.writer.TestIDitaTranstypeIndexWriter" time="0.001"/>
  <system-out><![CDATA[]]></system-out>
  <system-err><![CDATA[]]></system-err>
</testsuite>
