<?xml version="1.0" encoding="UTF-8"?>
<testsuite name="org.dita.dost.index.IndexTermCollectionTest" tests="1" skipped="0" failures="0" errors="0" timestamp="2018-12-06T15:04:20" hostname="travis-job-e534bcc1-1f44-4b10-80e9-b715f9f67d96" time="0.319">
  <properties/>
  <testcase name="testOutputTerms" classname="org.dita.dost.index.IndexTermCollectionTest" time="0.319"/>
  <system-out><![CDATA[]]></system-out>
  <system-err><![CDATA[]]></system-err>
</testsuite>
