<?xml version="1.0" encoding="UTF-8"?>
<testsuite name="org.dita.dost.writer.TestCHMIndexWriter" tests="1" skipped="0" failures="0" errors="0" timestamp="2018-12-06T15:04:22" hostname="travis-job-e534bcc1-1f44-4b10-80e9-b715f9f67d96" time="0.857">
  <properties/>
  <testcase name="testWrite" classname="org.dita.dost.writer.TestCHMIndexWriter" time="0.857"/>
  <system-out><![CDATA[]]></system-out>
  <system-err><![CDATA[]]></system-err>
</testsuite>
